<!--
  ~ Copyright 2020 lasyard@github.com
  ~
  ~ Licensed under the Apache License, Version 2.0 (the "License");
  ~ you may not use this file except in compliance with the License.
  ~ You may obtain a copy of the License at
  ~
  ~     http://www.apache.org/licenses/LICENSE-2.0
  ~
  ~ Unless required by applicable law or agreed to in writing, software
  ~ distributed under the License is distributed on an "AS IS" BASIS,
  ~ WITHOUT WARRANTIES OR CONDITIONS OF ANY KIND, either express or implied.
  ~ See the License for the specific language governing permissions and
  ~ limitations under the License.
  -->

<beans xmlns:xsi="http://www.w3.org/2001/XMLSchema-instance"
       xmlns="http://www.springframework.org/schema/beans"
       xsi:schemaLocation="
       http://www.springframework.org/schema/beans
       http://www.springframework.org/schema/beans/spring-beans.xsd
       http://camel.apache.org/schema/spring
       http://camel.apache.org/schema/spring/camel-spring.xsd">

    <camelContext id="kafkaTest" xmlns="http://camel.apache.org/schema/spring">
        <propertyPlaceholder id="properties">
            <propertiesLocation resolver="classpath" path="kafka.properties"/>
        </propertyPlaceholder>

        <endpoint id="ed" uri="kafka:test-camel-kafka">
            <property key="brokers" value="{{bootstrap.servers}}"/>
        </endpoint>

        <route autoStartup="false">
            <from uri="ref:ed"/>
            <to uri="mock:read-from-kafka"/>
        </route>
    </camelContext>

</beans>
